{
  "RSpec": {
    "coverage": {
      "/mnt/c/Users/Sushi/Documents/MOOC/ratebeer/app/models/beer.rb": {
        "lines": [
          1,
          1,
          null,
          1,
          1,
          1,
          null,
          1,
          null,
          1,
          1,
          null,
          1,
          11,
          null,
          null,
          1,
          9,
          null,
          null
        ]
      },
      "/mnt/c/Users/Sushi/Documents/MOOC/ratebeer/app/models/application_record.rb": {
        "lines": [
          1,
          1,
          null
        ]
      },
      "/mnt/c/Users/Sushi/Documents/MOOC/ratebeer/app/models/concerns/rating_average.rb": {
        "lines": [
          1,
          1,
          null,
          1,
          41,
          null,
          null,
          41,
          null,
          null
        ]
      },
      "/mnt/c/Users/Sushi/Documents/MOOC/ratebeer/app/models/user.rb": {
        "lines": [
          1,
          1,
          null,
          1,
          null,
          1,
          null,
          null,
          null,
          1,
          null,
          null,
          1,
          1,
          null,
          1,
          1,
          null,
          1,
          2,
          null,
          null,
          1,
          18,
          null,
          11,
          null,
          null,
          null,
          null,
          null,
          null,
          null,
          null,
          null,
          null,
          null,
          null,
          1,
          30,
          null,
          30,
          30,
          null,
          null,
          1,
          115,
          null,
          null,
          1,
          30,
          null,
          150,
          150,
          null,
          150,
          null,
          null,
          1,
          132,
          null,
          null
        ]
      },
      "/mnt/c/Users/Sushi/Documents/MOOC/ratebeer/app/models/style.rb": {
        "lines": [
          1,
          1,
          null,
          1,
          null,
          1,
          21,
          1,
          null,
          null,
          1,
          11,
          null,
          null
        ]
      },
      "/mnt/c/Users/Sushi/Documents/MOOC/ratebeer/app/models/brewery.rb": {
        "lines": [
          1,
          1,
          null,
          1,
          1,
          null,
          1,
          1,
          null,
          1,
          null,
          4,
          4,
          null,
          1,
          11,
          null,
          null,
          1,
          115,
          null,
          0,
          null,
          null,
          1,
          0,
          0,
          0,
          null,
          null,
          1,
          0,
          0,
          null,
          null,
          null,
          null,
          null,
          null,
          null
        ]
      },
      "/mnt/c/Users/Sushi/Documents/MOOC/ratebeer/app/controllers/sessions_controller.rb": {
        "lines": [
          1,
          1,
          null,
          null,
          null,
          1,
          null,
          6,
          null,
          6,
          5,
          0,
          0,
          null,
          5,
          5,
          null,
          1,
          null,
          null,
          null,
          1,
          null,
          0,
          null,
          0,
          null,
          null
        ]
      },
      "/mnt/c/Users/Sushi/Documents/MOOC/ratebeer/app/controllers/application_controller.rb": {
        "lines": [
          1,
          null,
          1,
          null,
          null,
          1,
          null,
          1,
          160,
          null,
          90,
          null,
          null,
          1,
          4,
          null,
          null
        ]
      },
      "/mnt/c/Users/Sushi/Documents/MOOC/ratebeer/app/controllers/users_controller.rb": {
        "lines": [
          1,
          1,
          null,
          null,
          1,
          0,
          null,
          null,
          null,
          1,
          null,
          null,
          null,
          1,
          1,
          null,
          null,
          null,
          1,
          null,
          null,
          null,
          1,
          1,
          null,
          1,
          1,
          2,
          1,
          null,
          0,
          0,
          null,
          null,
          null,
          null,
          null,
          1,
          0,
          0,
          0,
          0,
          null,
          0,
          0,
          null,
          null,
          null,
          null,
          null,
          1,
          0,
          0,
          0,
          null,
          null,
          null,
          null,
          null,
          null,
          null,
          1,
          0,
          0,
          null,
          0,
          null,
          0,
          null,
          null,
          1,
          null,
          null,
          1,
          12,
          null,
          null,
          null,
          1,
          1,
          null,
          null,
          null
        ]
      },
      "/mnt/c/Users/Sushi/Documents/MOOC/ratebeer/app/models/rating.rb": {
        "lines": [
          1,
          1,
          1,
          null,
          1,
          null,
          null,
          null,
          2,
          null,
          1,
          10,
          null,
          null
        ]
      },
      "/mnt/c/Users/Sushi/Documents/MOOC/ratebeer/app/models/membership.rb": {
        "lines": [
          1,
          1,
          1,
          null,
          1,
          null
        ]
      },
      "/mnt/c/Users/Sushi/Documents/MOOC/ratebeer/app/models/beerclub.rb": {
        "lines": [
          1,
          1,
          1,
          null
        ]
      },
      "/mnt/c/Users/Sushi/Documents/MOOC/ratebeer/app/controllers/beers_controller.rb": {
        "lines": [
          1,
          1,
          1,
          1,
          null,
          1,
          0,
          null,
          null,
          null,
          1,
          1,
          null,
          null,
          null,
          1,
          0,
          0,
          null,
          null,
          null,
          1,
          2,
          2,
          2,
          null,
          null,
          null,
          1,
          0,
          0,
          null,
          null,
          null,
          1,
          2,
          null,
          null,
          null,
          null,
          2,
          2,
          2,
          1,
          null,
          1,
          1,
          2,
          1,
          null,
          null,
          null,
          null,
          null,
          1,
          0,
          0,
          0,
          0,
          null,
          0,
          0,
          null,
          null,
          null,
          null,
          null,
          1,
          0,
          null,
          0,
          0,
          0,
          null,
          null,
          null,
          1,
          null,
          null,
          1,
          0,
          null,
          null,
          null,
          1,
          2,
          null,
          null
        ]
      },
      "/mnt/c/Users/Sushi/Documents/MOOC/ratebeer/app/controllers/ratings_controller.rb": {
        "lines": [
          1,
          1,
          1,
          1,
          1,
          1,
          1,
          1,
          null,
          null,
          1,
          1,
          1,
          null,
          null,
          1,
          null,
          1,
          1,
          null,
          1,
          null,
          1,
          null,
          1,
          null,
          0,
          0,
          null,
          null,
          null,
          null,
          null,
          null,
          null,
          1,
          1,
          1,
          1,
          null,
          null
        ]
      },
      "/mnt/c/Users/Sushi/Documents/MOOC/ratebeer/app/controllers/breweries_controller.rb": {
        "lines": [
          1,
          1,
          1,
          1,
          null,
          1,
          0,
          null,
          null,
          null,
          null,
          null,
          1,
          3,
          3,
          3,
          3,
          null,
          null,
          null,
          1,
          null,
          null,
          null,
          1,
          0,
          null,
          null,
          null,
          1,
          null,
          null,
          null,
          1,
          0,
          null,
          0,
          0,
          0,
          0,
          null,
          0,
          0,
          null,
          null,
          null,
          null,
          null,
          1,
          0,
          0,
          0,
          0,
          null,
          0,
          0,
          null,
          null,
          null,
          null,
          null,
          1,
          0,
          null,
          0,
          0,
          0,
          null,
          null,
          null,
          1,
          0,
          0,
          null,
          0,
          null,
          0,
          null,
          null,
          1,
          null,
          null,
          1,
          1,
          null,
          null,
          null,
          1,
          0,
          null,
          null
        ]
      },
      "/mnt/c/Users/Sushi/Documents/MOOC/ratebeer/app/services/beermapping_api.rb": {
        "lines": [
          1,
          1,
          3,
          null,
          null,
          null,
          null,
          null,
          null,
          null,
          6,
          null,
          null,
          1,
          3,
          null,
          3,
          3,
          null,
          3,
          null,
          2,
          2,
          13,
          null,
          null,
          null,
          1,
          0,
          0,
          null,
          0,
          null,
          null
        ]
      },
      "/mnt/c/Users/Sushi/Documents/MOOC/ratebeer/app/models/place.rb": {
        "lines": [
          1,
          1,
          1,
          6,
          null,
          null
        ]
      },
      "/mnt/c/Users/Sushi/Documents/MOOC/ratebeer/app/services/weatherstack_api.rb": {
        "lines": [
          1,
          1,
          0,
          null,
          0,
          null,
          null,
          null,
          null,
          0,
          null,
          null,
          null,
          null,
          null,
          null,
          1,
          0,
          0,
          null,
          0,
          null,
          null
        ]
      },
      "/mnt/c/Users/Sushi/Documents/MOOC/ratebeer/app/controllers/places_controller.rb": {
        "lines": [
          1,
          1,
          1,
          null,
          null,
          1,
          null,
          null,
          1,
          3,
          3,
          1,
          null,
          2,
          null,
          2,
          2,
          null,
          null,
          null,
          1,
          0,
          0,
          0,
          null,
          null
        ]
      },
      "/mnt/c/Users/Sushi/Documents/MOOC/ratebeer/app/controllers/beerclubs_controller.rb": {
        "lines": [
          0,
          0,
          0,
          0,
          null,
          0,
          0,
          0,
          null,
          null,
          0,
          0,
          0,
          null,
          null,
          0,
          0,
          0,
          null,
          null,
          0,
          null,
          null,
          0,
          0,
          0,
          null,
          null,
          0,
          0,
          null,
          null,
          0,
          0,
          null,
          0,
          0,
          0,
          0,
          0,
          0,
          0,
          0,
          0,
          0,
          null,
          null,
          0,
          0,
          0,
          0,
          0,
          0,
          0,
          0,
          0,
          0,
          0,
          null,
          null,
          0,
          0,
          null,
          0,
          0,
          0,
          0,
          0,
          null,
          0,
          null,
          null,
          0,
          0,
          0,
          null,
          null,
          0,
          0,
          0,
          0
        ],
        "branches": {}
      },
      "/mnt/c/Users/Sushi/Documents/MOOC/ratebeer/app/controllers/memberships_controller.rb": {
        "lines": [
          0,
          0,
          null,
          null,
          0,
          0,
          0,
          null,
          null,
          0,
          0,
          null,
          null,
          0,
          0,
          0,
          0,
          0,
          null,
          null,
          0,
          0,
          null,
          null,
          0,
          0,
          0,
          null,
          0,
          0,
          0,
          0,
          0,
          0,
          0,
          0,
          0,
          0,
          null,
          null,
          0,
          0,
          0,
          0,
          0,
          0,
          0,
          0,
          0,
          0,
          0,
          null,
          null,
          0,
          null,
          0,
          0,
          0,
          null,
          null,
          0,
          0,
          0,
          0,
          0,
          0,
          null,
          0,
          null,
          0,
          0,
          0,
          null,
          null,
          0,
          0,
          0,
          null,
          null,
          0,
          0,
          0,
          0
        ],
        "branches": {}
      },
      "/mnt/c/Users/Sushi/Documents/MOOC/ratebeer/app/controllers/styles_controller.rb": {
        "lines": [
          0,
          0,
          0,
          null,
          0,
          0,
          0,
          null,
          null,
          0,
          0,
          0,
          null,
          null,
          0,
          0,
          null,
          null,
          0,
          0,
          0,
          null,
          null,
          0,
          0,
          null,
          null,
          0,
          0,
          null,
          0,
          0,
          0,
          0,
          0,
          0,
          0,
          0,
          0,
          0,
          null,
          null,
          0,
          0,
          0,
          0,
          0,
          0,
          0,
          0,
          0,
          0,
          0,
          null,
          null,
          0,
          0,
          null,
          0,
          0,
          0,
          0,
          0,
          null,
          0,
          null,
          null,
          0,
          0,
          0,
          null,
          null,
          0,
          0,
          0,
          0
        ],
        "branches": {}
      },
      "/mnt/c/Users/Sushi/Documents/MOOC/ratebeer/app/helpers/application_helper.rb": {
        "lines": [
          0,
          0,
          0,
          null,
          0,
          0,
          0,
          0,
          0,
          0,
          0,
          null,
          0,
          0,
          0
        ],
        "branches": {}
      },
      "/mnt/c/Users/Sushi/Documents/MOOC/ratebeer/app/helpers/beerclubs_helper.rb": {
        "lines": [
          0,
          0
        ],
        "branches": {}
      },
      "/mnt/c/Users/Sushi/Documents/MOOC/ratebeer/app/helpers/beers_helper.rb": {
        "lines": [
          0,
          0
        ],
        "branches": {}
      },
      "/mnt/c/Users/Sushi/Documents/MOOC/ratebeer/app/helpers/breweries_helper.rb": {
        "lines": [
          0,
          0
        ],
        "branches": {}
      },
      "/mnt/c/Users/Sushi/Documents/MOOC/ratebeer/app/helpers/memberships_helper.rb": {
        "lines": [
          0,
          0
        ],
        "branches": {}
      },
      "/mnt/c/Users/Sushi/Documents/MOOC/ratebeer/app/helpers/styles_helper.rb": {
        "lines": [
          0,
          0
        ],
        "branches": {}
      },
      "/mnt/c/Users/Sushi/Documents/MOOC/ratebeer/app/helpers/users_helper.rb": {
        "lines": [
          0,
          0
        ],
        "branches": {}
      },
      "/mnt/c/Users/Sushi/Documents/MOOC/ratebeer/app/jobs/application_job.rb": {
        "lines": [
          0,
          null,
          null,
          null,
          null,
          null,
          0
        ],
        "branches": {}
      },
      "/mnt/c/Users/Sushi/Documents/MOOC/ratebeer/app/mailers/application_mailer.rb": {
        "lines": [
          0,
          0,
          0,
          0
        ],
        "branches": {}
      }
    },
    "timestamp": 1737661275
  }
}
